Arguments: 
  /home/ubuntu/.nvm/versions/node/v16.10.0/bin/node /home/ubuntu/.nvm/versions/node/v16.10.0/bin/yarn install

PATH: 
  /home/ubuntu/.nvm/versions/node/v16.10.0/bin:/usr/local/sbin:/usr/local/bin:/usr/sbin:/usr/bin:/sbin:/bin:/usr/games:/usr/local/games:/mnt/c/WINDOWS/system32:/mnt/c/WINDOWS:/mnt/c/WINDOWS/System32/Wbem:/mnt/c/WINDOWS/System32/WindowsPowerShell/v1.0/:/mnt/c/WINDOWS/System32/OpenSSH/:/mnt/c/Program Files/Git/cmd:/mnt/c/Program Files/nodejs/:/mnt/c/Users/TryTry/.cargo/bin:/mnt/c/Users/TryTry/AppData/Local/Microsoft/WindowsApps:/mnt/c/Users/TryTry/AppData/Local/Programs/Microsoft VS Code/bin:/mnt/c/Users/TryTry/AppData/Roaming/npm:/snap/bin

Yarn version: 
  1.22.17

Node version: 
  16.10.0

Platform: 
  linux x64

Trace: 
  Error: EPERM: operation not permitted, copyfile '/home/ubuntu/.cache/yarn/v6/npm-ansi-colors-4.1.1-cbb9ae256bf750af1eab344f229aa27fe94ba348-integrity/node_modules/ansi-colors/LICENSE' -> '/mnt/e/projects/ratio.finance/cdp-contracts/cdp/node_modules/ansi-colors/LICENSE'

npm manifest: 
  {
      "dependencies": {
          "@project-serum/anchor": "^0.18.2"
      },
      "devDependencies": {
          "chai": "^4.3.4",
          "mocha": "^9.0.3",
          "ts-mocha": "^8.0.0",
          "@types/mocha": "^9.0.0",
          "typescript": "^4.3.5"
      }
  }

yarn manifest: 
  No manifest

Lockfile: 
  No lockfile
